<?xml version="1.0" encoding="UTF-8"?>
<testng-results ignored="0" total="4" passed="4" failed="0" skipped="0">
  <reporter-output>
  </reporter-output>
  <suite started-at="2023-02-07T21:22:57 IST" name="Default suite" finished-at="2023-02-07T21:23:33 IST" duration-ms="36655">
    <groups>
    </groups>
    <test started-at="2023-02-07T21:22:57 IST" name="Default test" finished-at="2023-02-07T21:23:33 IST" duration-ms="36655">
      <class name="pomconcept.LoginTest">
        <test-method is-config="true" signature="initBrowser()[pri:0, instance:pomconcept.LoginTest@3bf9ce3e]" started-at="2023-02-07T21:22:57 IST" name="initBrowser" finished-at="2023-02-07T21:23:19 IST" duration-ms="22833" status="PASS">
          <reporter-output>
          </reporter-output>
        </test-method> <!-- initBrowser -->
        <test-method is-config="true" signature="pageObjects()[pri:0, instance:pomconcept.LoginTest@3bf9ce3e]" started-at="2023-02-07T21:23:19 IST" name="pageObjects" finished-at="2023-02-07T21:23:20 IST" duration-ms="110" status="PASS">
          <reporter-output>
          </reporter-output>
        </test-method> <!-- pageObjects -->
        <test-method signature="verifyTitleOfLoginPage()[pri:1, instance:pomconcept.LoginTest@3bf9ce3e]" started-at="2023-02-07T21:23:20 IST" name="verifyTitleOfLoginPage" finished-at="2023-02-07T21:23:21 IST" duration-ms="1797" status="PASS">
          <reporter-output>
          </reporter-output>
        </test-method> <!-- verifyTitleOfLoginPage -->
        <test-method signature="verifyUrl()[pri:2, instance:pomconcept.LoginTest@3bf9ce3e]" started-at="2023-02-07T21:23:21 IST" name="verifyUrl" finished-at="2023-02-07T21:23:21 IST" duration-ms="62" status="PASS">
          <reporter-output>
          </reporter-output>
        </test-method> <!-- verifyUrl -->
        <test-method signature="verifyLogin()[pri:3, instance:pomconcept.LoginTest@3bf9ce3e]" started-at="2023-02-07T21:23:21 IST" name="verifyLogin" finished-at="2023-02-07T21:23:32 IST" duration-ms="10758" status="PASS">
          <reporter-output>
          </reporter-output>
        </test-method> <!-- verifyLogin -->
        <test-method signature="verifyBuildname()[pri:4, instance:pomconcept.LoginTest@3bf9ce3e]" started-at="2023-02-07T21:23:32 IST" name="verifyBuildname" finished-at="2023-02-07T21:23:32 IST" duration-ms="21" status="PASS">
          <reporter-output>
          </reporter-output>
        </test-method> <!-- verifyBuildname -->
        <test-method is-config="true" signature="exits()[pri:0, instance:pomconcept.LoginTest@3bf9ce3e]" started-at="2023-02-07T21:23:32 IST" name="exits" finished-at="2023-02-07T21:23:33 IST" duration-ms="960" status="PASS">
          <reporter-output>
          </reporter-output>
        </test-method> <!-- exits -->
      </class> <!-- pomconcept.LoginTest -->
    </test> <!-- Default test -->
  </suite> <!-- Default suite -->
</testng-results>
