<?xml version="1.0" encoding="UTF-8"?>
<testng-results ignored="0" total="3" passed="3" failed="0" skipped="0">
  <reporter-output>
  </reporter-output>
  <suite started-at="2023-02-10T12:37:32 IST" name="Default suite" finished-at="2023-02-10T12:37:53 IST" duration-ms="20927">
    <groups>
      <group name="regression">
        <method signature="PIMTest.TestIngChanges()[pri:5, instance:pomconcept.PIMTest@6283d8b8]" name="TestIngChanges" class="pomconcept.PIMTest"/>
        <method signature="PIMTest.verifyEmpSearchEmpId()[pri:4, instance:pomconcept.PIMTest@6283d8b8]" name="verifyEmpSearchEmpId" class="pomconcept.PIMTest"/>
        <method signature="PIMTest.verifyPimPageTitle()[pri:3, instance:pomconcept.PIMTest@6283d8b8]" name="verifyPimPageTitle" class="pomconcept.PIMTest"/>
      </group> <!-- regression -->
      <group name="smoke">
        <method signature="PIMTest.TestIngChanges()[pri:5, instance:pomconcept.PIMTest@6283d8b8]" name="TestIngChanges" class="pomconcept.PIMTest"/>
        <method signature="PIMTest.verifyEmpSearchEmpId()[pri:4, instance:pomconcept.PIMTest@6283d8b8]" name="verifyEmpSearchEmpId" class="pomconcept.PIMTest"/>
        <method signature="PIMTest.verifyPimPageTitle()[pri:3, instance:pomconcept.PIMTest@6283d8b8]" name="verifyPimPageTitle" class="pomconcept.PIMTest"/>
      </group> <!-- smoke -->
    </groups>
    <test started-at="2023-02-10T12:37:32 IST" name="Default test" finished-at="2023-02-10T12:37:53 IST" duration-ms="20927">
      <class name="pomconcept.PIMTest">
        <test-method is-config="true" signature="initBrowser()[pri:0, instance:pomconcept.PIMTest@6283d8b8]" started-at="2023-02-10T12:37:07 IST" name="initBrowser" finished-at="2023-02-10T12:37:32 IST" duration-ms="24689" status="PASS">
          <reporter-output>
          </reporter-output>
        </test-method> <!-- initBrowser -->
        <test-method is-config="true" signature="pageObjects()[pri:0, instance:pomconcept.PIMTest@6283d8b8]" started-at="2023-02-10T12:37:32 IST" name="pageObjects" finished-at="2023-02-10T12:37:32 IST" duration-ms="132" status="PASS">
          <reporter-output>
          </reporter-output>
        </test-method> <!-- pageObjects -->
        <test-method is-config="true" signature="login()[pri:0, instance:pomconcept.PIMTest@6283d8b8]" started-at="2023-02-10T12:37:32 IST" name="login" finished-at="2023-02-10T12:37:38 IST" duration-ms="5822" status="PASS">
          <reporter-output>
          </reporter-output>
        </test-method> <!-- login -->
        <test-method signature="verifyPimPageTitle()[pri:3, instance:pomconcept.PIMTest@6283d8b8]" started-at="2023-02-10T12:37:38 IST" name="verifyPimPageTitle" finished-at="2023-02-10T12:37:45 IST" duration-ms="6840" status="PASS">
          <reporter-output>
          </reporter-output>
        </test-method> <!-- verifyPimPageTitle -->
        <test-method signature="verifyEmpSearchEmpId()[pri:4, instance:pomconcept.PIMTest@6283d8b8]" started-at="2023-02-10T12:37:45 IST" name="verifyEmpSearchEmpId" finished-at="2023-02-10T12:37:48 IST" duration-ms="3385" status="PASS">
          <reporter-output>
          </reporter-output>
        </test-method> <!-- verifyEmpSearchEmpId -->
        <test-method signature="TestIngChanges()[pri:5, instance:pomconcept.PIMTest@6283d8b8]" started-at="2023-02-10T12:37:48 IST" name="TestIngChanges" finished-at="2023-02-10T12:37:48 IST" duration-ms="3" status="PASS">
          <reporter-output>
          </reporter-output>
        </test-method> <!-- TestIngChanges -->
        <test-method is-config="true" signature="logOutUser()[pri:0, instance:pomconcept.PIMTest@6283d8b8]" started-at="2023-02-10T12:37:48 IST" name="logOutUser" finished-at="2023-02-10T12:37:53 IST" duration-ms="4267" status="PASS">
          <reporter-output>
          </reporter-output>
        </test-method> <!-- logOutUser -->
        <test-method is-config="true" signature="logoutUser()[pri:0, instance:pomconcept.PIMTest@6283d8b8]" started-at="2023-02-10T12:37:53 IST" name="logoutUser" finished-at="2023-02-10T12:37:55 IST" duration-ms="2302" status="PASS">
          <reporter-output>
          </reporter-output>
        </test-method> <!-- logoutUser -->
      </class> <!-- pomconcept.PIMTest -->
    </test> <!-- Default test -->
  </suite> <!-- Default suite -->
</testng-results>
