<?xml version="1.0" encoding="UTF-8"?>
<!-- Generated by org.testng.reporters.JUnitXMLReporter -->
<testsuite ignored="0" hostname="DESKTOP-3QALAR5" failures="0" tests="4" name="Default test" time="36.655" errors="0" timestamp="2023-02-07T21:23:33 IST">
  <testcase classname="pomconcept.LoginTest" name="verifyTitleOfLoginPage" time="1.797"/>
  <testcase classname="pomconcept.LoginTest" name="verifyUrl" time="0.062"/>
  <testcase classname="pomconcept.LoginTest" name="verifyLogin" time="10.758"/>
  <testcase classname="pomconcept.LoginTest" name="verifyBuildname" time="0.021"/>
</testsuite> <!-- Default test -->
