<?xml version="1.0" encoding="UTF-8"?>
<!-- Generated by org.testng.reporters.JUnitXMLReporter -->
<testsuite ignored="0" hostname="DESKTOP-3QALAR5" failures="0" tests="3" name="Default test" time="25.14" errors="0" timestamp="2023-02-10T12:37:54 IST">
  <testcase classname="pomconcept.PIMTest" name="verifyPimPageTitle" time="5.916"/>
  <testcase classname="pomconcept.PIMTest" name="verifyEmpSearchEmpId" time="1.359"/>
  <testcase classname="pomconcept.PIMTest" name="TestIngChanges" time="0.004"/>
</testsuite> <!-- Default test -->
