<?xml version="1.0" encoding="UTF-8"?>
<!-- Generated by org.testng.reporters.JUnitXMLReporter -->
<testsuite ignored="0" hostname="DESKTOP-3QALAR5" failures="0" tests="4" name="Test" time="15.536" errors="0" timestamp="2023-02-06T17:17:56 IST">
  <testcase classname="pomconcept.LoginTest" name="verifyTitleOfLoginPage" time="0.035"/>
  <testcase classname="pomconcept.LoginTest" name="verifyUrl" time="0.021"/>
  <testcase classname="pomconcept.LoginTest" name="verifyLogin" time="4.057"/>
  <testcase classname="pomconcept.LoginTest" name="verifyBuildname" time="0.015"/>
</testsuite> <!-- Test -->
